20-Dec-17 10:45:36 AM	This log contains information about the import schema operation into project 'FDOTDatabase' on computer 'DEVNAGAR' by user 'Namrata'.
20-Dec-17 10:45:36 AM	Import of database schema has started.
20-Dec-17 10:45:47 AM	Gathering database options
20-Dec-17 10:45:47 AM	Gathering users
20-Dec-17 10:45:47 AM	Gathering roles
20-Dec-17 10:45:47 AM	Gathering application roles
20-Dec-17 10:45:47 AM	Gathering role memberships
20-Dec-17 10:45:47 AM	Gathering filegroups
20-Dec-17 10:45:47 AM	Gathering full-text catalogs
20-Dec-17 10:45:47 AM	Gathering assemblies
20-Dec-17 10:45:47 AM	Gathering certificates
20-Dec-17 10:45:47 AM	Gathering asymmetric keys
20-Dec-17 10:45:47 AM	Gathering symmetric keys
20-Dec-17 10:45:47 AM	Gathering encrypted symmetric keys
20-Dec-17 10:45:47 AM	Gathering schemas
20-Dec-17 10:45:47 AM	Gathering XML schema collections
20-Dec-17 10:45:47 AM	Gathering user-defined data types
20-Dec-17 10:45:47 AM	Gathering user-defined types
20-Dec-17 10:45:47 AM	Gathering table types
20-Dec-17 10:45:47 AM	Gathering unique keys for table types
20-Dec-17 10:45:47 AM	Gathering primary keys for table types
20-Dec-17 10:45:47 AM	Gathering indexes for table types
20-Dec-17 10:45:47 AM	Gathering check constraints for table types
20-Dec-17 10:45:47 AM	Gathering default constraints for table types
20-Dec-17 10:45:47 AM	Gathering partition functions
20-Dec-17 10:45:47 AM	Gathering partition schemes
20-Dec-17 10:45:47 AM	Gathering functions
20-Dec-17 10:45:47 AM	Gathering encrypted functions
20-Dec-17 10:45:47 AM	Gathering aggregates
20-Dec-17 10:45:47 AM	Gathering procedures
20-Dec-17 10:45:47 AM	Gathering encrypted procedures
20-Dec-17 10:45:47 AM	Gathering tables
20-Dec-17 10:45:48 AM	Gathering primary keys
20-Dec-17 10:45:49 AM	Gathering unique constraints
20-Dec-17 10:45:49 AM	Gathering foreign keys
20-Dec-17 10:45:49 AM	Gathering default constraints
20-Dec-17 10:45:49 AM	Gathering check constraints
20-Dec-17 10:45:49 AM	Gathering views
20-Dec-17 10:45:49 AM	Gathering encrypted views
20-Dec-17 10:45:49 AM	Gathering indexes
20-Dec-17 10:45:49 AM	Gathering statistics
20-Dec-17 10:45:49 AM	Gathering full-text index stoplists
20-Dec-17 10:45:49 AM	Gathering search property lists
20-Dec-17 10:45:49 AM	Gathering search properties
20-Dec-17 10:45:49 AM	Gathering full-text indexes
20-Dec-17 10:45:49 AM	Gathering column store indexes
20-Dec-17 10:45:49 AM	Gathering spatial indexes
20-Dec-17 10:45:49 AM	Gathering XML indexes
20-Dec-17 10:45:49 AM	Gathering Selective XML indexes
20-Dec-17 10:45:49 AM	Gathering encrypted triggers
20-Dec-17 10:45:49 AM	Gathering triggers
20-Dec-17 10:45:51 AM	Gathering encrypted and clr ddl triggers
20-Dec-17 10:45:51 AM	Gathering ddl triggers
20-Dec-17 10:45:51 AM	Gathering synonyms
20-Dec-17 10:45:51 AM	Gathering defaults
20-Dec-17 10:45:51 AM	Gathering data constraint uddt bindings
20-Dec-17 10:45:51 AM	Gathering rules
20-Dec-17 10:45:51 AM	Gathering data constraint uddt bindings
20-Dec-17 10:45:51 AM	Gathering message types
20-Dec-17 10:45:51 AM	Gathering queues
20-Dec-17 10:45:51 AM	Gathering contracts
20-Dec-17 10:45:51 AM	Gathering services
20-Dec-17 10:45:51 AM	Gathering event notifications
20-Dec-17 10:45:51 AM	Gathering remote service bindings
20-Dec-17 10:45:51 AM	Gathering broker priorities
20-Dec-17 10:45:51 AM	Gathering signatures
20-Dec-17 10:45:51 AM	Gathering data compression options
20-Dec-17 10:45:51 AM	Gathering sequence types
20-Dec-17 10:45:51 AM	Gathering security policies
20-Dec-17 10:45:51 AM	Gather column encryption keys
20-Dec-17 10:45:51 AM	Gathering column master keys
20-Dec-17 10:45:51 AM	Gathering external data sources
20-Dec-17 10:45:51 AM	Gathering external file formats
20-Dec-17 10:45:51 AM	Gathering external tables
20-Dec-17 10:45:51 AM	Gathering extended properties
20-Dec-17 10:45:51 AM	Gathering credentials
20-Dec-17 10:45:51 AM	Gathering logins
20-Dec-17 10:45:51 AM	Gathering server audits
20-Dec-17 10:45:53 AM	Scanning project for duplicate elements
20-Dec-17 10:45:53 AM	Finished duplicate element processing
20-Dec-17 10:46:06 AM	Finished importing database.
20-Dec-17 10:46:06 AM	A summary of the import was saved to the following location: C:\Users\vikky\Source\Repos\OddsCompiler\FDOTDatabase\Import Schema Logs\FDOTDatabase_20171220051536.log
20-Dec-17 10:46:06 AM	Click Finish to continue...
